<?xml version="1.0" encoding="UTF-8"?>
<!-- Generated by org.testng.reporters.JUnitXMLReporter -->
<testsuite ignored="0" hostname="DESKTOP-290HEU1" failures="0" tests="4" name="chromeTest1" time="0.101" errors="0" timestamp="2021-02-18T16:20:54 IST">
  <testcase classname="TestNg.TestClass2" name="test1" time="0.01"/>
  <testcase classname="TestNg.TestClass2" name="test2" time="0.005"/>
  <testcase classname="TestNg.TestClass2" name="test3" time="0.01"/>
  <testcase classname="TestNg.TestClass2" name="test4" time="0.002"/>
</testsuite> <!-- chromeTest1 -->
