<?xml version="1.0" encoding="UTF-8"?>
<!-- Generated by org.testng.reporters.JUnitXMLReporter -->
<testsuite ignored="0" hostname="DESKTOP-290HEU1" failures="0" tests="8" name="Test" time="0.177" errors="0" timestamp="2021-02-17T22:46:58 IST">
  <testcase classname="TestNg.TestClass1" name="test1" time="0.01"/>
  <testcase classname="TestNg.TestClass1" name="test2" time="0.003"/>
  <testcase classname="TestNg.TestClass1" name="test3" time="0.004"/>
  <testcase classname="TestNg.TestClass1" name="test4" time="0.003"/>
  <testcase classname="TestNg.TestClass2" name="test1" time="0.014"/>
  <testcase classname="TestNg.TestClass2" name="test2" time="0.003"/>
  <testcase classname="TestNg.TestClass2" name="test3" time="0.002"/>
  <testcase classname="TestNg.TestClass2" name="test4" time="0.003"/>
</testsuite> <!-- Test -->
